[debug] [2026-05-26T09:17:11.354Z] ----------------------------------------------------------------------
[debug] [2026-05-26T09:17:11.363Z] Command:       C:\Program Files\nodejs\node.exe C:\Users\ineed\AppData\Roaming\npm\node_modules\firebase-tools\lib\bin\firebase.js deploy
[debug] [2026-05-26T09:17:11.363Z] CLI Version:   15.18.0
[debug] [2026-05-26T09:17:11.363Z] Platform:      win32
[debug] [2026-05-26T09:17:11.363Z] Node Version:  v24.15.0
[debug] [2026-05-26T09:17:11.363Z] Time:          Tue May 26 2026 14:47:11 GMT+0530 (India Standard Time)
[debug] [2026-05-26T09:17:11.363Z] ----------------------------------------------------------------------
[debug] 
[debug] [2026-05-26T09:17:11.365Z] >>> [apiv2][query] GET https://firebase-public.firebaseio.com/cli.json [none]
[debug] [2026-05-26T09:17:13.720Z] > command requires scopes: ["email","openid","https://www.googleapis.com/auth/cloudplatformprojects.readonly","https://www.googleapis.com/auth/firebase","https://www.googleapis.com/auth/cloud-platform"]
[debug] [2026-05-26T09:17:13.720Z] > authorizing via signed-in user (southeastmedia3@gmail.com)
[debug] [2026-05-26T09:17:13.720Z] [iam] checking project clinvara-f6235 for permissions ["firebase.projects.get"]
[debug] [2026-05-26T09:17:13.721Z] Checked if tokens are valid: true, expires at: 1779788875524
[debug] [2026-05-26T09:17:13.721Z] Checked if tokens are valid: true, expires at: 1779788875524
[debug] [2026-05-26T09:17:13.721Z] >>> [apiv2][query] POST https://cloudresourcemanager.googleapis.com/v1/projects/clinvara-f6235:testIamPermissions [none]
[debug] [2026-05-26T09:17:13.721Z] >>> [apiv2][(partial)header] POST https://cloudresourcemanager.googleapis.com/v1/projects/clinvara-f6235:testIamPermissions  x-goog-user-project=clinvara-f6235
[debug] [2026-05-26T09:17:13.722Z] >>> [apiv2][body] POST https://cloudresourcemanager.googleapis.com/v1/projects/clinvara-f6235:testIamPermissions {"permissions":["firebase.projects.get"]}
[debug] [2026-05-26T09:17:14.405Z] <<< [apiv2][status] GET https://firebase-public.firebaseio.com/cli.json 200
[debug] [2026-05-26T09:17:14.405Z] <<< [apiv2][body] GET https://firebase-public.firebaseio.com/cli.json {"cloudBuildErrorAfter":1594252800000,"cloudBuildWarnAfter":1590019200000,"defaultNode10After":1594252800000,"minVersion":"3.0.5","node8DeploysDisabledAfter":1613390400000,"node8RuntimeDisabledAfter":1615809600000,"node8WarnAfter":1600128000000}
[debug] [2026-05-26T09:17:15.015Z] <<< [apiv2][status] POST https://cloudresourcemanager.googleapis.com/v1/projects/clinvara-f6235:testIamPermissions 200
[debug] [2026-05-26T09:17:15.015Z] <<< [apiv2][body] POST https://cloudresourcemanager.googleapis.com/v1/projects/clinvara-f6235:testIamPermissions {"permissions":["firebase.projects.get"]}
[info] 
[info] === Deploying to 'clinvara-f6235'...
[info] 
[info] i  deploying apphosting 
[debug] [2026-05-26T09:17:15.019Z] Checked if tokens are valid: true, expires at: 1779788875524
[debug] [2026-05-26T09:17:15.019Z] Checked if tokens are valid: true, expires at: 1779788875524
[debug] [2026-05-26T09:17:15.019Z] >>> [apiv2][query] POST https://iam.googleapis.com/v1/projects/clinvara-f6235/serviceAccounts/firebase-app-hosting-compute@clinvara-f6235.iam.gserviceaccount.com:testIamPermissions [none]
[debug] [2026-05-26T09:17:15.019Z] >>> [apiv2][(partial)header] POST https://iam.googleapis.com/v1/projects/clinvara-f6235/serviceAccounts/firebase-app-hosting-compute@clinvara-f6235.iam.gserviceaccount.com:testIamPermissions  x-goog-user-project=clinvara-f6235
[debug] [2026-05-26T09:17:15.019Z] >>> [apiv2][body] POST https://iam.googleapis.com/v1/projects/clinvara-f6235/serviceAccounts/firebase-app-hosting-compute@clinvara-f6235.iam.gserviceaccount.com:testIamPermissions {"permissions":["iam.serviceAccounts.actAs"]}
[debug] [2026-05-26T09:17:16.639Z] <<< [apiv2][status] POST https://iam.googleapis.com/v1/projects/clinvara-f6235/serviceAccounts/firebase-app-hosting-compute@clinvara-f6235.iam.gserviceaccount.com:testIamPermissions 200
[debug] [2026-05-26T09:17:16.640Z] <<< [apiv2][body] POST https://iam.googleapis.com/v1/projects/clinvara-f6235/serviceAccounts/firebase-app-hosting-compute@clinvara-f6235.iam.gserviceaccount.com:testIamPermissions {"permissions":["iam.serviceAccounts.actAs"]}
[debug] [2026-05-26T09:17:16.640Z] Checked if tokens are valid: true, expires at: 1779788875524
[debug] [2026-05-26T09:17:16.640Z] Checked if tokens are valid: true, expires at: 1779788875524
[debug] [2026-05-26T09:17:16.640Z] >>> [apiv2][query] POST https://iam.googleapis.com/v1/projects/clinvara-f6235/serviceAccounts [none]
[debug] [2026-05-26T09:17:16.640Z] >>> [apiv2][body] POST https://iam.googleapis.com/v1/projects/clinvara-f6235/serviceAccounts {"accountId":"firebase-app-hosting-compute","serviceAccount":{"displayName":"Firebase App Hosting compute service account","description":"Default service account used to run builds and deploys for Firebase App Hosting"}}
[debug] [2026-05-26T09:17:17.097Z] <<< [apiv2][status] POST https://iam.googleapis.com/v1/projects/clinvara-f6235/serviceAccounts 409
[debug] [2026-05-26T09:17:17.097Z] <<< [apiv2][body] POST https://iam.googleapis.com/v1/projects/clinvara-f6235/serviceAccounts [omitted]
[debug] [2026-05-26T09:17:17.098Z] Checked if tokens are valid: true, expires at: 1779788875524
[debug] [2026-05-26T09:17:17.098Z] Checked if tokens are valid: true, expires at: 1779788875524
[debug] [2026-05-26T09:17:17.098Z] >>> [apiv2][query] POST https://cloudresourcemanager.googleapis.com/v1/projects/clinvara-f6235:getIamPolicy [none]
[debug] [2026-05-26T09:17:17.447Z] <<< [apiv2][status] POST https://cloudresourcemanager.googleapis.com/v1/projects/clinvara-f6235:getIamPolicy 200
[debug] [2026-05-26T09:17:17.448Z] <<< [apiv2][body] POST https://cloudresourcemanager.googleapis.com/v1/projects/clinvara-f6235:getIamPolicy {"version":1,"etag":"BwZStN83Jn4=","bindings":[{"role":"roles/artifactregistry.serviceAgent","members":["serviceAccount:service-869907183409@gcp-sa-artifactregistry.iam.gserviceaccount.com"]},{"role":"roles/cloudbuild.builds.builder","members":["serviceAccount:869907183409@cloudbuild.gserviceaccount.com"]},{"role":"roles/cloudbuild.serviceAgent","members":["serviceAccount:service-869907183409@gcp-sa-cloudbuild.iam.gserviceaccount.com"]},{"role":"roles/containerregistry.ServiceAgent","members":["serviceAccount:service-869907183409@containerregistry.iam.gserviceaccount.com"]},{"role":"roles/developerconnect.readTokenAccessor","members":["serviceAccount:firebase-app-hosting-compute@clinvara-f6235.iam.gserviceaccount.com"]},{"role":"roles/developerconnect.serviceAgent","members":["serviceAccount:service-869907183409@gcp-sa-devconnect.iam.gserviceaccount.com"]},{"role":"roles/editor","members":["serviceAccount:869907183409-compute@developer.gserviceaccount.com"]},{"role":"roles/firebase.managementServiceAgent","members":["serviceAccount:service-869907183409@gcp-sa-firebase.iam.gserviceaccount.com"]},{"role":"roles/firebase.sdkAdminServiceAgent","members":["serviceAccount:firebase-adminsdk-fbsvc@clinvara-f6235.iam.gserviceaccount.com","serviceAccount:firebase-app-hosting-compute@clinvara-f6235.iam.gserviceaccount.com"]},{"role":"roles/firebaseapphosting.computeRunner","members":["serviceAccount:firebase-app-hosting-compute@clinvara-f6235.iam.gserviceaccount.com"]},{"role":"roles/firebaseapphosting.serviceAgent","members":["serviceAccount:service-869907183409@gcp-sa-firebaseapphosting.iam.gserviceaccount.com"]},{"role":"roles/firebaseauth.admin","members":["serviceAccount:firebase-adminsdk-fbsvc@clinvara-f6235.iam.gserviceaccount.com"]},{"role":"roles/iam.serviceAccountTokenCreator","members":["serviceAccount:firebase-adminsdk-fbsvc@clinvara-f6235.iam.gserviceaccount.com"]},{"role":"roles/owner","members":["user:southeastmedia3@gmail.com"]},{"role":"roles/run.serviceAgent","members":["serviceAccount:service-869907183409@serverless-robot-prod.iam.gserviceaccount.com"]},{"role":"roles/secretmanager.admin","members":["serviceAccount:service-869907183409@gcp-sa-devconnect.iam.gserviceaccount.com"]},{"role":"roles/secretmanager.admin_withcond_893f857f7e3fed271e00","members":["serviceAccount:service-869907183409@gcp-sa-devconnect.iam.gserviceaccount.com"]},{"role":"roles/storage.objectViewer","members":["serviceAccount:firebase-app-hosting-compute@clinvara-f6235.iam.gserviceaccount.com"]}]}
[debug] [2026-05-26T09:17:17.448Z] Checked if tokens are valid: true, expires at: 1779788875524
[debug] [2026-05-26T09:17:17.448Z] Checked if tokens are valid: true, expires at: 1779788875524
[debug] [2026-05-26T09:17:17.448Z] >>> [apiv2][query] POST https://cloudresourcemanager.googleapis.com/v1/projects/clinvara-f6235:setIamPolicy [none]
[debug] [2026-05-26T09:17:17.448Z] >>> [apiv2][body] POST https://cloudresourcemanager.googleapis.com/v1/projects/clinvara-f6235:setIamPolicy {"policy":{"version":1,"etag":"BwZStN83Jn4=","bindings":[{"role":"roles/artifactregistry.serviceAgent","members":["serviceAccount:service-869907183409@gcp-sa-artifactregistry.iam.gserviceaccount.com"]},{"role":"roles/cloudbuild.builds.builder","members":["serviceAccount:869907183409@cloudbuild.gserviceaccount.com"]},{"role":"roles/cloudbuild.serviceAgent","members":["serviceAccount:service-869907183409@gcp-sa-cloudbuild.iam.gserviceaccount.com"]},{"role":"roles/containerregistry.ServiceAgent","members":["serviceAccount:service-869907183409@containerregistry.iam.gserviceaccount.com"]},{"role":"roles/developerconnect.readTokenAccessor","members":["serviceAccount:firebase-app-hosting-compute@clinvara-f6235.iam.gserviceaccount.com"]},{"role":"roles/developerconnect.serviceAgent","members":["serviceAccount:service-869907183409@gcp-sa-devconnect.iam.gserviceaccount.com"]},{"role":"roles/editor","members":["serviceAccount:869907183409-compute@developer.gserviceaccount.com"]},{"role":"roles/firebase.managementServiceAgent","members":["serviceAccount:service-869907183409@gcp-sa-firebase.iam.gserviceaccount.com"]},{"role":"roles/firebase.sdkAdminServiceAgent","members":["serviceAccount:firebase-adminsdk-fbsvc@clinvara-f6235.iam.gserviceaccount.com","serviceAccount:firebase-app-hosting-compute@clinvara-f6235.iam.gserviceaccount.com"]},{"role":"roles/firebaseapphosting.computeRunner","members":["serviceAccount:firebase-app-hosting-compute@clinvara-f6235.iam.gserviceaccount.com"]},{"role":"roles/firebaseapphosting.serviceAgent","members":["serviceAccount:service-869907183409@gcp-sa-firebaseapphosting.iam.gserviceaccount.com"]},{"role":"roles/firebaseauth.admin","members":["serviceAccount:firebase-adminsdk-fbsvc@clinvara-f6235.iam.gserviceaccount.com"]},{"role":"roles/iam.serviceAccountTokenCreator","members":["serviceAccount:firebase-adminsdk-fbsvc@clinvara-f6235.iam.gserviceaccount.com"]},{"role":"roles/owner","members":["user:southeastmedia3@gmail.com"]},{"role":"roles/run.serviceAgent","members":["serviceAccount:service-869907183409@serverless-robot-prod.iam.gserviceaccount.com"]},{"role":"roles/secretmanager.admin","members":["serviceAccount:service-869907183409@gcp-sa-devconnect.iam.gserviceaccount.com"]},{"role":"roles/secretmanager.admin_withcond_893f857f7e3fed271e00","members":["serviceAccount:service-869907183409@gcp-sa-devconnect.iam.gserviceaccount.com"]},{"role":"roles/storage.objectViewer","members":["serviceAccount:firebase-app-hosting-compute@clinvara-f6235.iam.gserviceaccount.com"]}]},"updateMask":"bindings"}
[debug] [2026-05-26T09:17:19.023Z] <<< [apiv2][status] POST https://cloudresourcemanager.googleapis.com/v1/projects/clinvara-f6235:setIamPolicy 200
[debug] [2026-05-26T09:17:19.023Z] <<< [apiv2][body] POST https://cloudresourcemanager.googleapis.com/v1/projects/clinvara-f6235:setIamPolicy {"version":1,"etag":"BwZStPZcqo4=","bindings":[{"role":"roles/artifactregistry.serviceAgent","members":["serviceAccount:service-869907183409@gcp-sa-artifactregistry.iam.gserviceaccount.com"]},{"role":"roles/cloudbuild.builds.builder","members":["serviceAccount:869907183409@cloudbuild.gserviceaccount.com"]},{"role":"roles/cloudbuild.serviceAgent","members":["serviceAccount:service-869907183409@gcp-sa-cloudbuild.iam.gserviceaccount.com"]},{"role":"roles/containerregistry.ServiceAgent","members":["serviceAccount:service-869907183409@containerregistry.iam.gserviceaccount.com"]},{"role":"roles/developerconnect.readTokenAccessor","members":["serviceAccount:firebase-app-hosting-compute@clinvara-f6235.iam.gserviceaccount.com"]},{"role":"roles/developerconnect.serviceAgent","members":["serviceAccount:service-869907183409@gcp-sa-devconnect.iam.gserviceaccount.com"]},{"role":"roles/editor","members":["serviceAccount:869907183409-compute@developer.gserviceaccount.com"]},{"role":"roles/firebase.managementServiceAgent","members":["serviceAccount:service-869907183409@gcp-sa-firebase.iam.gserviceaccount.com"]},{"role":"roles/firebase.sdkAdminServiceAgent","members":["serviceAccount:firebase-adminsdk-fbsvc@clinvara-f6235.iam.gserviceaccount.com","serviceAccount:firebase-app-hosting-compute@clinvara-f6235.iam.gserviceaccount.com"]},{"role":"roles/firebaseapphosting.computeRunner","members":["serviceAccount:firebase-app-hosting-compute@clinvara-f6235.iam.gserviceaccount.com"]},{"role":"roles/firebaseapphosting.serviceAgent","members":["serviceAccount:service-869907183409@gcp-sa-firebaseapphosting.iam.gserviceaccount.com"]},{"role":"roles/firebaseauth.admin","members":["serviceAccount:firebase-adminsdk-fbsvc@clinvara-f6235.iam.gserviceaccount.com"]},{"role":"roles/iam.serviceAccountTokenCreator","members":["serviceAccount:firebase-adminsdk-fbsvc@clinvara-f6235.iam.gserviceaccount.com"]},{"role":"roles/owner","members":["user:southeastmedia3@gmail.com"]},{"role":"roles/run.serviceAgent","members":["serviceAccount:service-869907183409@serverless-robot-prod.iam.gserviceaccount.com"]},{"role":"roles/secretmanager.admin","members":["serviceAccount:service-869907183409@gcp-sa-devconnect.iam.gserviceaccount.com"]},{"role":"roles/secretmanager.admin_withcond_893f857f7e3fed271e00","members":["serviceAccount:service-869907183409@gcp-sa-devconnect.iam.gserviceaccount.com"]},{"role":"roles/storage.objectViewer","members":["serviceAccount:firebase-app-hosting-compute@clinvara-f6235.iam.gserviceaccount.com"]}]}
[debug] [2026-05-26T09:17:19.023Z] Checked if tokens are valid: true, expires at: 1779788875524
[debug] [2026-05-26T09:17:19.023Z] Checked if tokens are valid: true, expires at: 1779788875524
[debug] [2026-05-26T09:17:19.024Z] >>> [apiv2][query] GET https://firebaseapphosting.googleapis.com/v1beta/projects/clinvara-f6235/locations/-/backends 
